2024-07-10 10:34:22,347 [INFO] Activator:176 - 


2024-07-10 10:34:22,350 [INFO] Activator:177 - !SESSION log4j initialized
2024-07-10 10:34:27,840 [INFO] LogOutputStream:77 - [STDOUT_REDIRECT] 
2024-07-10 10:34:32,429 [INFO] ApplicationProperties:184 - Using Application install path: C:\ST\STM32CubeIDE_1.16.0\STM32CubeIDE\plugins\com.st.stm32cube.common.mx_6.12.0.202406281431
2024-07-10 10:34:32,453 [INFO] DbMcusXml:78 - Set database path to: C:\ST\STM32CubeIDE_1.16.0\STM32CubeIDE\plugins\com.st.stm32cube.common.mx_6.12.0.202406281431\\db\/mcu/
2024-07-10 10:34:32,454 [INFO] ApiDb:274 - Set plugin database path to: C:\ST\STM32CubeIDE_1.16.0\STM32CubeIDE\plugins\com.st.stm32cube.common.mx_6.12.0.202406281431\\db\/plugins/boardmanager/
2024-07-10 10:34:32,455 [WARN] ApiDb:259 - Overriding images path with different value:  => C:\ST\STM32CubeIDE_1.16.0\STM32CubeIDE\plugins\com.st.stm32cube.common.mx_6.12.0.202406281431\\db\/plugins/mcufinder/images/
2024-07-10 10:34:37,701 [WARN] ApiFinderProperties:113 - C:\Users\tom.TELEMATTICA\.stmcufinder\plugins\mcufinder\mcu\mcuFinder.mfd doesn't exist
2024-07-10 10:34:37,703 [INFO] ApiDb:250 - Set database path to: C:\Users\tom.TELEMATTICA\.stmcufinder\plugins\mcufinder//mcu/
2024-07-10 10:34:37,705 [INFO] DbMcusAds:125 - Set database path to: C:\Users\tom.TELEMATTICA\.stmcufinder\plugins\mcufinder//mcu/
2024-07-10 10:34:37,707 [INFO] CrossReferenceDbSqlite:203 - Set database path to: C:\Users\tom.TELEMATTICA\.stmcufinder\plugins\mcufinder//mcu/cs/
2024-07-10 10:34:37,872 [INFO] RulesReader:64 - Compatibility file has been processed (297 Rules)
2024-07-10 10:34:38,017 [INFO] DbMcusXml:78 - Set database path to: C:\ST\STM32CubeIDE_1.16.0\STM32CubeIDE\plugins\com.st.stm32cube.common.mx_6.12.0.202406281431\\db\/mcu/
2024-07-10 10:34:38,017 [INFO] ApiDb:274 - Set plugin database path to: C:\ST\STM32CubeIDE_1.16.0\STM32CubeIDE\plugins\com.st.stm32cube.common.mx_6.12.0.202406281431\\db\/plugins/boardmanager/
2024-07-10 10:34:38,018 [INFO] ApiDb:261 - Set plugin images path to: C:\ST\STM32CubeIDE_1.16.0\STM32CubeIDE\plugins\com.st.stm32cube.common.mx_6.12.0.202406281431\\db\/plugins/mcufinder/images/
2024-07-10 10:34:38,018 [WARN] DbFile:41 - Overriding database path with different value: C:\Users\tom.TELEMATTICA\.stmcufinder\plugins\mcufinder/ => C:\Users\tom.TELEMATTICA\.stmcufinder\plugins\mcufinder
2024-07-10 10:34:38,018 [INFO] ApiDb:250 - Set database path to: C:\Users\tom.TELEMATTICA\.stmcufinder\plugins\mcufinder//mcu/
2024-07-10 10:34:38,018 [WARN] DbFile:41 - Overriding database path with different value: C:\Users\tom.TELEMATTICA\.stmcufinder\plugins\mcufinder/ => C:\Users\tom.TELEMATTICA\.stmcufinder\plugins\mcufinder
2024-07-10 10:34:38,018 [INFO] DbMcusAds:125 - Set database path to: C:\Users\tom.TELEMATTICA\.stmcufinder\plugins\mcufinder//mcu/
2024-07-10 10:34:38,018 [WARN] DbFile:41 - Overriding database path with different value: C:\Users\tom.TELEMATTICA\.stmcufinder\plugins\mcufinder/ => C:\Users\tom.TELEMATTICA\.stmcufinder\plugins\mcufinder
2024-07-10 10:34:38,018 [WARN] DbFile:41 - Overriding database path with different value: C:\Users\tom.TELEMATTICA\.stmcufinder\plugins\mcufinder/ => C:\Users\tom.TELEMATTICA\.stmcufinder\plugins\mcufinder
2024-07-10 10:34:38,019 [INFO] CrossReferenceDbSqlite:203 - Set database path to: C:\Users\tom.TELEMATTICA\.stmcufinder\plugins\mcufinder//mcu/cs/
2024-07-10 10:34:38,129 [INFO] MainPanel:268 - HeapMemory: 268435456
2024-07-10 10:34:38,228 [INFO] DbMcusXml:78 - Set database path to: C:\ST\STM32CubeIDE_1.16.0\STM32CubeIDE\plugins\com.st.stm32cube.common.mx_6.12.0.202406281431\\db\/mcu/
2024-07-10 10:34:38,228 [INFO] ApiDb:274 - Set plugin database path to: C:\ST\STM32CubeIDE_1.16.0\STM32CubeIDE\plugins\com.st.stm32cube.common.mx_6.12.0.202406281431\\db\/plugins/boardmanager/
2024-07-10 10:34:38,229 [INFO] ApiDb:261 - Set plugin images path to: C:\ST\STM32CubeIDE_1.16.0\STM32CubeIDE\plugins\com.st.stm32cube.common.mx_6.12.0.202406281431\\db\/plugins/mcufinder/images/
2024-07-10 10:34:38,229 [WARN] DbFile:41 - Overriding database path with different value: C:\Users\tom.TELEMATTICA\.stmcufinder\plugins\mcufinder/ => C:\Users\tom.TELEMATTICA\.stmcufinder\plugins\mcufinder
2024-07-10 10:34:38,230 [INFO] ApiDb:250 - Set database path to: C:\Users\tom.TELEMATTICA\.stmcufinder\plugins\mcufinder//mcu/
2024-07-10 10:34:38,230 [WARN] DbFile:41 - Overriding database path with different value: C:\Users\tom.TELEMATTICA\.stmcufinder\plugins\mcufinder/ => C:\Users\tom.TELEMATTICA\.stmcufinder\plugins\mcufinder
2024-07-10 10:34:38,230 [INFO] DbMcusAds:125 - Set database path to: C:\Users\tom.TELEMATTICA\.stmcufinder\plugins\mcufinder//mcu/
2024-07-10 10:34:38,230 [WARN] DbFile:41 - Overriding database path with different value: C:\Users\tom.TELEMATTICA\.stmcufinder\plugins\mcufinder/ => C:\Users\tom.TELEMATTICA\.stmcufinder\plugins\mcufinder
2024-07-10 10:34:38,230 [WARN] DbFile:41 - Overriding database path with different value: C:\Users\tom.TELEMATTICA\.stmcufinder\plugins\mcufinder/ => C:\Users\tom.TELEMATTICA\.stmcufinder\plugins\mcufinder
2024-07-10 10:34:38,231 [INFO] CrossReferenceDbSqlite:203 - Set database path to: C:\Users\tom.TELEMATTICA\.stmcufinder\plugins\mcufinder//mcu/cs/
2024-07-10 10:34:38,258 [INFO] ApplicationProperties:184 - Using Application install path: C:\ST\STM32CubeIDE_1.16.0\STM32CubeIDE\plugins\com.st.stm32cube.common.mx_6.12.0.202406281431
2024-07-10 10:34:38,260 [INFO] PluginManage:196 - Search for loadable plugins [exclusion list=, ]
2024-07-10 10:34:38,262 [INFO] PluginManage:310 - Check plugin analytics
2024-07-10 10:34:38,555 [INFO] AnalyticsPlugin:253 - Accepted Software Licenses: 
2024-07-10 10:34:38,556 [INFO] AnalyticsPlugin:255 - Accepted CMSIS Pack Licenses: 
2024-07-10 10:34:38,556 [INFO] AnalyticsPlugin:257 - Accepted Firmware Licenses: 
2024-07-10 10:34:38,563 [INFO] PluginManage:359 - Loaded plugin analytics (category:tool,tabindex:-1)
2024-07-10 10:34:38,563 [INFO] PluginManage:310 - Check plugin cadmodel
2024-07-10 10:34:38,613 [INFO] CADModel:105 - Init CAD model plugin
2024-07-10 10:34:38,614 [INFO] PluginManage:359 - Loaded plugin cadmodel (category:power,tabindex:5)
2024-07-10 10:34:38,614 [INFO] PluginManage:310 - Check plugin clock
2024-07-10 10:34:38,679 [INFO] PluginManage:359 - Loaded plugin clock (category:base,tabindex:2)
2024-07-10 10:34:38,680 [INFO] PluginManage:310 - Check plugin ddr
2024-07-10 10:34:38,683 [INFO] PluginManage:359 - Loaded plugin ddr (category:tool,tabindex:6)
2024-07-10 10:34:38,683 [INFO] PluginManage:310 - Check plugin filemanager
2024-07-10 10:34:39,001 [INFO] PluginManage:359 - Loaded plugin filemanager (category:base,tabindex:10)
2024-07-10 10:34:39,001 [INFO] PluginManage:310 - Check plugin ipmanager
2024-07-10 10:34:39,029 [INFO] PluginManage:359 - Loaded plugin ipmanager (category:base,tabindex:5)
2024-07-10 10:34:39,030 [INFO] PluginManage:310 - Check plugin lpbam
2024-07-10 10:34:39,071 [INFO] PluginManage:359 - Loaded plugin lpbam (category:base,tabindex:0)
2024-07-10 10:34:39,071 [INFO] PluginManage:310 - Check plugin memorymap
2024-07-10 10:34:39,112 [INFO] PluginManage:359 - Loaded plugin memorymap (category:base,tabindex:4)
2024-07-10 10:34:39,112 [INFO] PluginManage:310 - Check plugin pinoutandconfiguration
2024-07-10 10:34:39,172 [INFO] PluginManage:359 - Loaded plugin pinoutandconfiguration (category:base,tabindex:1)
2024-07-10 10:34:39,173 [INFO] PluginManage:310 - Check plugin pinoutconfig
2024-07-10 10:34:39,414 [WARN] SupportedApi:132 - Cannot load RTOS API schema: s4s-elt-must-match.1: The content of 'definitions' must match (annotation?, (simpleType | complexType)?, (unique | key | keyref)*)). A problem was found starting at: attribute.
2024-07-10 10:34:39,558 [INFO] PluginManage:359 - Loaded plugin pinoutconfig (category:base,tabindex:0)
2024-07-10 10:34:39,559 [INFO] PluginManage:310 - Check plugin power
2024-07-10 10:34:39,612 [INFO] PluginManage:359 - Loaded plugin power (category:power,tabindex:4)
2024-07-10 10:34:39,613 [INFO] PluginManage:310 - Check plugin projectmanager
2024-07-10 10:34:39,637 [INFO] PluginManage:359 - Loaded plugin projectmanager (category:projectmanager,tabindex:4)
2024-07-10 10:34:39,638 [INFO] PluginManage:310 - Check plugin rif
2024-07-10 10:34:39,698 [INFO] PluginManage:359 - Loaded plugin rif (category:base,tabindex:3)
2024-07-10 10:34:39,698 [INFO] PluginManage:310 - Check plugin thirdparty
2024-07-10 10:34:39,947 [INFO] PluginManage:359 - Loaded plugin thirdparty (category:base,tabindex:-1)
2024-07-10 10:34:39,947 [WARN] IntegrityCheckThread:84 - waiting for thirdparty lock release [integrity check]
2024-07-10 10:34:39,947 [INFO] PluginManage:310 - Check plugin tools
2024-07-10 10:34:39,947 [INFO] IntegrityCheckThread:86 - entering critical section [integrity check]
2024-07-10 10:34:39,948 [INFO] ThirdPartyUpdaterWithRetryManager:70 - Updater plugin not ready yet. [1/15]
2024-07-10 10:34:39,957 [INFO] PluginManage:359 - Loaded plugin tools (category:base,tabindex:7)
2024-07-10 10:34:39,957 [INFO] PluginManage:310 - Check plugin tutovideos
2024-07-10 10:34:40,177 [INFO] PluginManage:359 - Loaded plugin tutovideos (category:base,tabindex:-1)
2024-07-10 10:34:40,177 [INFO] PluginManage:310 - Check plugin updater
2024-07-10 10:34:40,197 [INFO] PluginManage:359 - Loaded plugin updater (category:base,tabindex:12)
2024-07-10 10:34:40,197 [INFO] PluginManage:310 - Check plugin userauth
2024-07-10 10:34:40,202 [INFO] UserAuth:113 - Init User Auth plugin
2024-07-10 10:34:40,202 [INFO] PluginManage:359 - Loaded plugin userauth (category:base,tabindex:14)
2024-07-10 10:34:40,203 [INFO] PluginManage:283 - PluginManage : Loaded plugins [18]
2024-07-10 10:34:40,530 [INFO] PinOutPanel:1561 - setPackage(No Configuration,No Configuration)
2024-07-10 10:34:40,671 [INFO] CADModel:165 - CPN selected for project level
2024-07-10 10:34:40,671 [INFO] CADModel:114 - Register for checkConnection events
2024-07-10 10:34:40,700 [INFO] IPUIPlugin:80 - create IPUIPlugin
2024-07-10 10:34:40,701 [INFO] PluginManager:220 - loadIPPluginJar : add adc
2024-07-10 10:34:40,710 [INFO] IPUIPlugin:80 - create IPUIPlugin
2024-07-10 10:34:40,710 [INFO] PluginManager:220 - loadIPPluginJar : add aes
2024-07-10 10:34:40,720 [INFO] IPUIPlugin:80 - create IPUIPlugin
2024-07-10 10:34:40,721 [INFO] PluginManager:220 - loadIPPluginJar : add can
2024-07-10 10:34:40,727 [INFO] IPUIPlugin:80 - create IPUIPlugin
2024-07-10 10:34:40,727 [INFO] PluginManager:220 - loadIPPluginJar : add comp
2024-07-10 10:34:40,738 [INFO] IPUIPlugin:80 - create IPUIPlugin
2024-07-10 10:34:40,739 [INFO] PluginManager:220 - loadIPPluginJar : add cryp
2024-07-10 10:34:40,752 [INFO] IPUIPlugin:80 - create IPUIPlugin
2024-07-10 10:34:40,752 [INFO] PluginManager:220 - loadIPPluginJar : add ddr_ctrl_phy
2024-07-10 10:34:40,761 [INFO] IPUIPlugin:80 - create IPUIPlugin
2024-07-10 10:34:40,761 [INFO] PluginManager:220 - loadIPPluginJar : add dfsdm
2024-07-10 10:34:40,780 [INFO] IPUIPlugin:80 - create IPUIPlugin
2024-07-10 10:34:40,781 [INFO] PluginManager:220 - loadIPPluginJar : add dma
2024-07-10 10:34:40,793 [INFO] IPUIPlugin:80 - create IPUIPlugin
2024-07-10 10:34:40,793 [INFO] PluginManager:220 - loadIPPluginJar : add dma3
2024-07-10 10:34:40,804 [INFO] IPUIPlugin:80 - create IPUIPlugin
2024-07-10 10:34:40,805 [INFO] PluginManager:220 - loadIPPluginJar : add extmemmanager
2024-07-10 10:34:40,811 [INFO] IPUIPlugin:80 - create IPUIPlugin
2024-07-10 10:34:40,811 [INFO] PluginManager:220 - loadIPPluginJar : add fatfs
2024-07-10 10:34:40,824 [INFO] IPUIPlugin:80 - create IPUIPlugin
2024-07-10 10:34:40,824 [INFO] PluginManager:220 - loadIPPluginJar : add fmc
2024-07-10 10:34:40,886 [INFO] IPUIPlugin:80 - create IPUIPlugin
2024-07-10 10:34:40,886 [INFO] PluginManager:220 - loadIPPluginJar : add freertos
2024-07-10 10:34:40,894 [INFO] IPUIPlugin:80 - create IPUIPlugin
2024-07-10 10:34:40,894 [INFO] PluginManager:220 - loadIPPluginJar : add genericplugin
2024-07-10 10:34:40,911 [INFO] IPUIPlugin:80 - create IPUIPlugin
2024-07-10 10:34:40,911 [INFO] PluginManager:220 - loadIPPluginJar : add gfxmmu
2024-07-10 10:34:40,934 [INFO] IPUIPlugin:80 - create IPUIPlugin
2024-07-10 10:34:40,934 [INFO] PluginManager:220 - loadIPPluginJar : add gic
2024-07-10 10:34:40,965 [INFO] IPUIPlugin:80 - create IPUIPlugin
2024-07-10 10:34:40,966 [INFO] PluginManager:220 - loadIPPluginJar : add gpio
2024-07-10 10:34:40,987 [INFO] IPUIPlugin:80 - create IPUIPlugin
2024-07-10 10:34:40,987 [INFO] PluginManager:220 - loadIPPluginJar : add gtzc
2024-07-10 10:34:40,998 [INFO] IPUIPlugin:80 - create IPUIPlugin
2024-07-10 10:34:40,999 [INFO] PluginManager:220 - loadIPPluginJar : add hash
2024-07-10 10:34:41,011 [INFO] IPUIPlugin:80 - create IPUIPlugin
2024-07-10 10:34:41,011 [INFO] PluginManager:220 - loadIPPluginJar : add i2c
2024-07-10 10:34:41,023 [INFO] IPUIPlugin:80 - create IPUIPlugin
2024-07-10 10:34:41,023 [INFO] PluginManager:220 - loadIPPluginJar : add i2s
2024-07-10 10:34:41,034 [INFO] IPUIPlugin:80 - create IPUIPlugin
2024-07-10 10:34:41,034 [INFO] PluginManager:220 - loadIPPluginJar : add i3c
2024-07-10 10:34:41,049 [INFO] IPUIPlugin:80 - create IPUIPlugin
2024-07-10 10:34:41,049 [INFO] PluginManager:220 - loadIPPluginJar : add ipddr
2024-07-10 10:34:41,069 [INFO] IPUIPlugin:80 - create IPUIPlugin
2024-07-10 10:34:41,069 [INFO] PluginManager:220 - loadIPPluginJar : add linkedlist
2024-07-10 10:34:41,080 [INFO] IPUIPlugin:80 - create IPUIPlugin
2024-07-10 10:34:41,080 [INFO] PluginManager:220 - loadIPPluginJar : add lorawan
2024-07-10 10:34:41,089 [INFO] IPUIPlugin:80 - create IPUIPlugin
2024-07-10 10:34:41,089 [INFO] PluginManager:220 - loadIPPluginJar : add ltdc
2024-07-10 10:34:41,121 [INFO] IPUIPlugin:80 - create IPUIPlugin
2024-07-10 10:34:41,121 [INFO] PluginManager:220 - loadIPPluginJar : add mdma
2024-07-10 10:34:41,150 [INFO] IPUIPlugin:80 - create IPUIPlugin
2024-07-10 10:34:41,150 [INFO] PluginManager:220 - loadIPPluginJar : add nvic
2024-07-10 10:34:41,164 [INFO] IPUIPlugin:80 - create IPUIPlugin
2024-07-10 10:34:41,164 [INFO] PluginManager:220 - loadIPPluginJar : add opamp
2024-07-10 10:34:41,176 [INFO] IPUIPlugin:80 - create IPUIPlugin
2024-07-10 10:34:41,176 [INFO] PluginManager:220 - loadIPPluginJar : add openamp
2024-07-10 10:34:41,188 [INFO] IPUIPlugin:80 - create IPUIPlugin
2024-07-10 10:34:41,188 [INFO] PluginManager:220 - loadIPPluginJar : add pdm2pcm
2024-07-10 10:34:41,215 [INFO] IPUIPlugin:80 - create IPUIPlugin
2024-07-10 10:34:41,218 [INFO] PluginManager:220 - loadIPPluginJar : add plateformsettings
2024-07-10 10:34:41,226 [INFO] IPUIPlugin:80 - create IPUIPlugin
2024-07-10 10:34:41,226 [INFO] PluginManager:220 - loadIPPluginJar : add quadspi
2024-07-10 10:34:41,234 [INFO] IPUIPlugin:80 - create IPUIPlugin
2024-07-10 10:34:41,235 [INFO] PluginManager:220 - loadIPPluginJar : add radio
2024-07-10 10:34:41,301 [INFO] IPUIPlugin:80 - create IPUIPlugin
2024-07-10 10:34:41,301 [INFO] PluginManager:220 - loadIPPluginJar : add resmgrutility
2024-07-10 10:34:41,311 [INFO] IPUIPlugin:80 - create IPUIPlugin
2024-07-10 10:34:41,312 [INFO] PluginManager:220 - loadIPPluginJar : add sai
2024-07-10 10:34:41,322 [INFO] IPUIPlugin:80 - create IPUIPlugin
2024-07-10 10:34:41,323 [INFO] PluginManager:220 - loadIPPluginJar : add spi
2024-07-10 10:34:41,339 [INFO] IPUIPlugin:80 - create IPUIPlugin
2024-07-10 10:34:41,339 [INFO] PluginManager:220 - loadIPPluginJar : add stm32_wpan
2024-07-10 10:34:41,347 [INFO] IPUIPlugin:80 - create IPUIPlugin
2024-07-10 10:34:41,347 [INFO] PluginManager:220 - loadIPPluginJar : add tim
2024-07-10 10:34:41,359 [INFO] IPUIPlugin:80 - create IPUIPlugin
2024-07-10 10:34:41,360 [INFO] PluginManager:220 - loadIPPluginJar : add touchsensing
2024-07-10 10:34:41,368 [INFO] IPUIPlugin:80 - create IPUIPlugin
2024-07-10 10:34:41,369 [INFO] PluginManager:220 - loadIPPluginJar : add tracer_emb
2024-07-10 10:34:41,376 [INFO] IPUIPlugin:80 - create IPUIPlugin
2024-07-10 10:34:41,376 [INFO] PluginManager:220 - loadIPPluginJar : add ts
2024-07-10 10:34:41,383 [INFO] IPUIPlugin:80 - create IPUIPlugin
2024-07-10 10:34:41,384 [INFO] PluginManager:220 - loadIPPluginJar : add tsc
2024-07-10 10:34:41,391 [INFO] IPUIPlugin:80 - create IPUIPlugin
2024-07-10 10:34:41,392 [INFO] PluginManager:220 - loadIPPluginJar : add ucpd
2024-07-10 10:34:41,403 [INFO] IPUIPlugin:80 - create IPUIPlugin
2024-07-10 10:34:41,403 [INFO] PluginManager:220 - loadIPPluginJar : add usart
2024-07-10 10:34:41,414 [INFO] IPUIPlugin:80 - create IPUIPlugin
2024-07-10 10:34:41,414 [INFO] PluginManager:220 - loadIPPluginJar : add usbx
2024-07-10 10:34:41,605 [INFO] CADModel:165 - CPN selected for project level
2024-07-10 10:34:41,606 [INFO] CADModel:114 - Register for checkConnection events
2024-07-10 10:34:41,606 [FATAL] Updater:334 - Updater called before beeing initialized
2024-07-10 10:34:41,606 [ERROR] CADModel:125 - Updater not yet initialized, retry later 
2024-07-10 10:34:41,811 [INFO] CADModel:165 - CPN selected for project level
2024-07-10 10:34:41,811 [INFO] CADModel:114 - Register for checkConnection events
2024-07-10 10:34:41,811 [FATAL] Updater:334 - Updater called before beeing initialized
2024-07-10 10:34:41,811 [ERROR] CADModel:125 - Updater not yet initialized, retry later 
2024-07-10 10:34:41,816 [FATAL] Updater:334 - Updater called before beeing initialized
2024-07-10 10:34:42,049 [FATAL] Updater:334 - Updater called before beeing initialized
2024-07-10 10:34:42,056 [INFO] DbMcusAds:53 - JSON generation date=Thu Sep 30 16:55:09 AEST 2021 (1632984909247)
2024-07-10 10:34:42,057 [FATAL] Updater:334 - Updater called before beeing initialized
2024-07-10 10:34:42,132 [WARN] DetailPanel:346 - Failed to get advertising image, set to default
2024-07-10 10:34:42,303 [FATAL] Updater:334 - Updater called before beeing initialized
2024-07-10 10:34:42,305 [FATAL] Updater:334 - Updater called before beeing initialized
2024-07-10 10:34:42,307 [FATAL] Updater:334 - Updater called before beeing initialized
2024-07-10 10:34:42,307 [WARN] DetailPanel:346 - Failed to get advertising image, set to default
2024-07-10 10:34:42,308 [FATAL] Updater:334 - Updater called before beeing initialized
2024-07-10 10:34:42,379 [ERROR] Updater:1164 - MainUpdater not yet initialized. External WinMGr cannot be set.
2024-07-10 10:34:42,382 [INFO] Updater:1100 - Updater Version found : 6.12.0
2024-07-10 10:34:42,399 [INFO] ApplicationProperties:184 - Using Application install path: C:\ST\STM32CubeIDE_1.16.0\STM32CubeIDE\plugins\com.st.stm32cube.common.mx_6.12.0.202406281431
2024-07-10 10:34:42,950 [INFO] ThirdPartyUpdaterWithRetryManager:70 - Updater plugin not ready yet. [2/15]
2024-07-10 10:34:43,976 [ERROR] LogOutputStream:75 - [STDERR_REDIRECT] Jul 10, 2024 10:34:43 AM java.util.prefs.WindowsPreferences <init>
2024-07-10 10:34:43,979 [ERROR] LogOutputStream:75 - [STDERR_REDIRECT] WARNING: Could not open/create prefs root node Software\JavaSoft\Prefs at root 0xffffffff80000002. Windows RegCreateKeyEx(...) returned error code 5.
2024-07-10 10:34:43,979 [ERROR] LogOutputStream:75 - [STDERR_REDIRECT] 
2024-07-10 10:34:44,005 [INFO] MainUpdater:526 - Copy updater definitions from MX database
2024-07-10 10:34:44,087 [INFO] MainUpdater:559 - Copy flag file definitions from MX database
2024-07-10 10:34:44,145 [INFO] MainUpdater:575 - Copy thirdparty index definitions from MX database
2024-07-10 10:34:44,150 [INFO] MainUpdater:594 - Copy default thirdparty db definitions from MX database
2024-07-10 10:34:44,620 [INFO] MainUpdater:2873 - connection check result : 10
2024-07-10 10:34:44,620 [INFO] MainUpdater:3567 - Updater definition file requires update
2024-07-10 10:34:44,621 [INFO] MainUpdater:290 - Updater Check For Update Now.
2024-07-10 10:34:44,622 [INFO] MicroXplorer:498 - Change Database Version : DB.6.0.120
2024-07-10 10:34:44,629 [INFO] McuFinderGlobals:63 - Set McuFinder mode to 2 (CubeIDE integrated)
2024-07-10 10:34:44,630 [INFO] UserAuth:179 - activating auth plugin
2024-07-10 10:34:44,632 [INFO] UserAuth:417 - Internet connection configuration mode: 1
2024-07-10 10:34:44,648 [INFO] JxBrowserEngine:152 - Initiate JxBrowser Engine with user profile folder
2024-07-10 10:34:44,831 [INFO] ServerAccessManage:473 - Download File updaters.zip
2024-07-10 10:34:45,360 [INFO] FileExtend:240 - Unzip File : updaters.zip
2024-07-10 10:34:45,360 [INFO] FileExtend:255 - Standard Zip Deflate
2024-07-10 10:34:45,952 [WARN] MainUpdater:1194 - Updater busy. Cannot search thirdparties
2024-07-10 10:34:45,953 [INFO] ThirdPartyUpdaterWithRetryManager:96 - Updater plugin is busy. [1/15]
2024-07-10 10:34:46,353 [INFO] ServerAccessManage:473 - Download File PacksControlFlags.xml
2024-07-10 10:34:46,960 [INFO] ServerAccessManage:473 - Download File cubemx.pidx
2024-07-10 10:34:47,339 [INFO] ServerAccessManage:473 - Download File STMicroelectronics.FP-ATR-ASTRA1.pdsc
2024-07-10 10:34:47,832 [INFO] ServerAccessManage:473 - Download File STMicroelectronics.FP-ATR-SIGFOX1.pdsc
2024-07-10 10:34:48,208 [INFO] ServerAccessManage:473 - Download File STMicroelectronics.FP-SNS-FLIGHT1.pdsc
2024-07-10 10:34:48,588 [INFO] ServerAccessManage:473 - Download File STMicroelectronics.FP-SNS-MOTENV1.pdsc
2024-07-10 10:34:48,836 [INFO] ServerAccessManage:473 - Download File STMicroelectronics.FP-SNS-MOTENVWB1.pdsc
2024-07-10 10:34:48,954 [WARN] MainUpdater:1194 - Updater busy. Cannot search thirdparties
2024-07-10 10:34:48,954 [INFO] ThirdPartyUpdaterWithRetryManager:96 - Updater plugin is busy. [2/15]
2024-07-10 10:34:49,148 [INFO] ServerAccessManage:473 - Download File STMicroelectronics.FP-SNS-SMARTAG2.pdsc
2024-07-10 10:34:49,246 [INFO] ServerAccessManage:473 - Download File STMicroelectronics.X-CUBE-AI.pdsc
2024-07-10 10:34:50,184 [INFO] ServerAccessManage:473 - Download File STMicroelectronics.X-CUBE-ALS.pdsc
2024-07-10 10:34:50,345 [INFO] ServerAccessManage:473 - Download File STMicroelectronics.X-CUBE-BLE1.pdsc
2024-07-10 10:34:51,955 [WARN] MainUpdater:1194 - Updater busy. Cannot search thirdparties
2024-07-10 10:34:51,955 [INFO] ThirdPartyUpdaterWithRetryManager:96 - Updater plugin is busy. [3/15]
2024-07-10 10:34:52,612 [ERROR] ServerAccessManage:1089 - Problem, file not found on Server
2024-07-10 10:34:52,708 [INFO] ServerAccessManage:473 - Download File STMicroelectronics.X-CUBE-BLE2.pdsc
2024-07-10 10:34:53,546 [INFO] ServerAccessManage:473 - Download File STMicroelectronics.X-CUBE-BLEMGR.pdsc
2024-07-10 10:34:53,941 [INFO] ServerAccessManage:473 - Download File STMicroelectronics.X-CUBE-DISPLAY.pdsc
2024-07-10 10:34:53,953 [INFO] WebApp:167 - Instantiating new browser for Auth
2024-07-10 10:34:54,217 [INFO] ServerAccessManage:473 - Download File STMicroelectronics.X-CUBE-DPOWER.pdsc
2024-07-10 10:34:54,959 [WARN] MainUpdater:1194 - Updater busy. Cannot search thirdparties
2024-07-10 10:34:54,959 [INFO] ThirdPartyUpdaterWithRetryManager:96 - Updater plugin is busy. [4/15]
2024-07-10 10:34:55,467 [ERROR] ServerAccessManage:1089 - Problem, file not found on Server
2024-07-10 10:34:55,689 [INFO] WebApp:448 - Apply proxy settings
2024-07-10 10:34:55,690 [INFO] WebApp:533 - Chromium requires no authentication
2024-07-10 10:34:55,699 [INFO] WebApp:476 - Direct internet connection detected
2024-07-10 10:34:55,728 [INFO] WebApp:869 - Register for checkConnection events
2024-07-10 10:34:55,728 [INFO] WebApp:448 - Apply proxy settings
2024-07-10 10:34:55,728 [INFO] WebApp:533 - Chromium requires no authentication
2024-07-10 10:34:55,729 [INFO] WebApp:476 - Direct internet connection detected
2024-07-10 10:34:55,950 [INFO] WebApp:220 - Starting web application
2024-07-10 10:34:55,950 [INFO] WebApp:578 - Web application path used C:\ST\STM32CubeIDE_1.16.0\STM32CubeIDE\plugins\com.st.stm32cube.common.mx_6.12.0.202406281431\db\plugins\mcufinder\reactClient1\index.html
2024-07-10 10:34:56,539 [ERROR] ServerAccessManage:1089 - Problem, file not found on Server
2024-07-10 10:34:57,172 [INFO] WebApp:186 - Connection restablished
2024-07-10 10:34:57,722 [ERROR] ServerAccessManage:1089 - Problem, file not found on Server
2024-07-10 10:34:57,961 [WARN] MainUpdater:1194 - Updater busy. Cannot search thirdparties
2024-07-10 10:34:57,961 [INFO] ThirdPartyUpdaterWithRetryManager:96 - Updater plugin is busy. [5/15]
2024-07-10 10:34:58,922 [ERROR] ServerAccessManage:1089 - Problem, file not found on Server
2024-07-10 10:35:00,029 [ERROR] ServerAccessManage:1089 - Problem, file not found on Server
2024-07-10 10:35:00,962 [WARN] MainUpdater:1194 - Updater busy. Cannot search thirdparties
2024-07-10 10:35:00,962 [INFO] ThirdPartyUpdaterWithRetryManager:96 - Updater plugin is busy. [6/15]
2024-07-10 10:35:01,103 [ERROR] ServerAccessManage:1089 - Problem, file not found on Server
2024-07-10 10:35:02,227 [ERROR] ServerAccessManage:1089 - Problem, file not found on Server
2024-07-10 10:35:03,317 [ERROR] ServerAccessManage:1089 - Problem, file not found on Server
2024-07-10 10:35:03,964 [WARN] MainUpdater:1194 - Updater busy. Cannot search thirdparties
2024-07-10 10:35:03,964 [INFO] ThirdPartyUpdaterWithRetryManager:96 - Updater plugin is busy. [7/15]
2024-07-10 10:35:04,453 [ERROR] ServerAccessManage:1089 - Problem, file not found on Server
2024-07-10 10:35:05,506 [ERROR] ServerAccessManage:1089 - Problem, file not found on Server
2024-07-10 10:35:05,788 [ERROR] ServerAccessManage:1089 - Problem, file not found on Server
2024-07-10 10:35:05,807 [INFO] ServerAccessManage:473 - Download File STMicroelectronics.X-CUBE-EEPRMA1.pdsc
2024-07-10 10:35:06,967 [WARN] MainUpdater:1194 - Updater busy. Cannot search thirdparties
2024-07-10 10:35:06,967 [INFO] ThirdPartyUpdaterWithRetryManager:96 - Updater plugin is busy. [8/15]
2024-07-10 10:35:06,999 [ERROR] ServerAccessManage:1089 - Problem, file not found on Server
2024-07-10 10:35:08,106 [ERROR] ServerAccessManage:1089 - Problem, file not found on Server
2024-07-10 10:35:08,247 [INFO] ServerAccessManage:473 - Download File STMicroelectronics.X-CUBE-FREERTOS.pdsc
2024-07-10 10:35:08,605 [INFO] ServerAccessManage:473 - Download File STMicroelectronics.X-CUBE-GNSS1.pdsc
2024-07-10 10:35:09,968 [WARN] MainUpdater:1194 - Updater busy. Cannot search thirdparties
2024-07-10 10:35:09,968 [INFO] ThirdPartyUpdaterWithRetryManager:96 - Updater plugin is busy. [9/15]
2024-07-10 10:35:10,136 [ERROR] ServerAccessManage:1089 - Problem, file not found on Server
2024-07-10 10:35:11,513 [ERROR] ServerAccessManage:1089 - Problem, file not found on Server
2024-07-10 10:35:12,641 [ERROR] ServerAccessManage:1089 - Problem, file not found on Server
2024-07-10 10:35:12,971 [WARN] MainUpdater:1194 - Updater busy. Cannot search thirdparties
2024-07-10 10:35:12,971 [INFO] ThirdPartyUpdaterWithRetryManager:96 - Updater plugin is busy. [10/15]
2024-07-10 10:35:13,761 [ERROR] ServerAccessManage:1089 - Problem, file not found on Server
2024-07-10 10:35:14,808 [ERROR] ServerAccessManage:1089 - Problem, file not found on Server
2024-07-10 10:35:15,912 [ERROR] ServerAccessManage:1089 - Problem, file not found on Server
2024-07-10 10:35:15,943 [INFO] ServerAccessManage:473 - Download File STMicroelectronics.X-CUBE-ISPU.pdsc
2024-07-10 10:35:15,971 [WARN] MainUpdater:1194 - Updater busy. Cannot search thirdparties
2024-07-10 10:35:15,971 [INFO] ThirdPartyUpdaterWithRetryManager:96 - Updater plugin is busy. [11/15]
2024-07-10 10:35:16,111 [INFO] ServerAccessManage:473 - Download File STMicroelectronics.X-CUBE-MEMS1.pdsc
2024-07-10 10:35:16,863 [INFO] ServerAccessManage:473 - Download File STMicroelectronics.X-CUBE-NFC4.pdsc
2024-07-10 10:35:17,224 [INFO] ServerAccessManage:473 - Download File STMicroelectronics.X-CUBE-NFC6.pdsc
2024-07-10 10:35:17,359 [INFO] ServerAccessManage:473 - Download File STMicroelectronics.X-CUBE-NFC7.pdsc
2024-07-10 10:35:17,506 [INFO] ServerAccessManage:473 - Download File STMicroelectronics.X-CUBE-SFXS2LP1.pdsc
2024-07-10 10:35:17,682 [INFO] ServerAccessManage:473 - Download File STMicroelectronics.X-CUBE-SAFEA1.pdsc
2024-07-10 10:35:17,793 [INFO] ServerAccessManage:473 - Download File STMicroelectronics.X-CUBE-SUBG2.pdsc
2024-07-10 10:35:18,322 [INFO] ServerAccessManage:473 - Download File STMicroelectronics.X-CUBE-SMBUS.pdsc
2024-07-10 10:35:18,973 [WARN] MainUpdater:1194 - Updater busy. Cannot search thirdparties
2024-07-10 10:35:18,973 [INFO] ThirdPartyUpdaterWithRetryManager:96 - Updater plugin is busy. [12/15]
2024-07-10 10:35:19,426 [ERROR] ServerAccessManage:1089 - Problem, file not found on Server
2024-07-10 10:35:19,478 [INFO] ServerAccessManage:473 - Download File STMicroelectronics.X-CUBE-TCPP.pdsc
2024-07-10 10:35:19,593 [INFO] ServerAccessManage:473 - Download File STMicroelectronics.X-CUBE-TOF1.pdsc
2024-07-10 10:35:21,217 [ERROR] ServerAccessManage:1089 - Problem, file not found on Server
2024-07-10 10:35:21,317 [INFO] ServerAccessManage:473 - Download File STMicroelectronics.X-CUBE-TOUCHGFX.pdsc
2024-07-10 10:35:21,974 [WARN] MainUpdater:1194 - Updater busy. Cannot search thirdparties
2024-07-10 10:35:21,974 [INFO] ThirdPartyUpdaterWithRetryManager:96 - Updater plugin is busy. [13/15]
2024-07-10 10:35:22,287 [INFO] ServerAccessManage:473 - Download File STMicroelectronics.X-CUBE-ALGOBUILD.pdsc
2024-07-10 10:35:22,825 [INFO] ServerAccessManage:473 - Download File STMicroelectronics.X-CUBE-AZRTOS-H7.pdsc
2024-07-10 10:35:23,506 [INFO] ServerAccessManage:473 - Download File STMicroelectronics.X-CUBE-AZRTOS-H7RS.pdsc
2024-07-10 10:35:23,797 [INFO] ServerAccessManage:473 - Download File STMicroelectronics.X-CUBE-AZRTOS-F4.pdsc
2024-07-10 10:35:24,114 [INFO] ServerAccessManage:473 - Download File STMicroelectronics.X-CUBE-AZRTOS-F7.pdsc
2024-07-10 10:35:24,494 [INFO] ServerAccessManage:473 - Download File STMicroelectronics.X-CUBE-AZRTOS-L4.pdsc
2024-07-10 10:35:24,954 [INFO] ServerAccessManage:473 - Download File STMicroelectronics.X-CUBE-AZRTOS-L5.pdsc
2024-07-10 10:35:24,974 [WARN] MainUpdater:1194 - Updater busy. Cannot search thirdparties
2024-07-10 10:35:24,974 [INFO] ThirdPartyUpdaterWithRetryManager:96 - Updater plugin is busy. [14/15]
2024-07-10 10:35:25,220 [INFO] ServerAccessManage:473 - Download File STMicroelectronics.X-CUBE-AZRTOS-G0.pdsc
2024-07-10 10:35:25,554 [INFO] ServerAccessManage:473 - Download File STMicroelectronics.X-CUBE-AZRTOS-G4.pdsc
2024-07-10 10:35:25,906 [INFO] ServerAccessManage:473 - Download File STMicroelectronics.X-CUBE-AZRTOS-WB.pdsc
2024-07-10 10:35:26,233 [INFO] ServerAccessManage:473 - Download File STMicroelectronics.X-CUBE-AZRTOS-WL.pdsc
2024-07-10 10:35:27,484 [INFO] ServerAccessManage:473 - Download File wolfSSL.I-CUBE-wolfSSL.pdsc
2024-07-10 10:35:27,975 [WARN] MainUpdater:1194 - Updater busy. Cannot search thirdparties
2024-07-10 10:35:27,975 [INFO] ThirdPartyUpdaterWithRetryManager:96 - Updater plugin is busy. [15/15]
2024-07-10 10:35:27,975 [ERROR] IntegrityCheckThread:130 - Cannot retrieve database content from updater: error -1
2024-07-10 10:35:27,976 [INFO] ThirdParty:978 - Integrity check success = false
2024-07-10 10:35:27,976 [INFO] IntegrityCheckThread:100 - exiting critical section [integrity check]
2024-07-10 10:35:27,976 [INFO] IntegrityCheckThread:103 - End integrity checks thread
2024-07-10 10:35:34,949 [ERROR] ServerAccessManage:1089 - Problem, file not found on Server
2024-07-10 10:35:35,580 [ERROR] ServerAccessManage:1089 - Problem, file not found on Server
2024-07-10 10:35:36,099 [ERROR] ServerAccessManage:1089 - Problem, file not found on Server
2024-07-10 10:35:36,345 [INFO] ServerAccessManage:473 - Download File wolfSSL.I-CUBE-wolfMQTT.pdsc
2024-07-10 10:35:38,038 [ERROR] ServerAccessManage:1089 - Problem, file not found on Server
2024-07-10 10:35:38,358 [INFO] ServerAccessManage:473 - Download File wolfSSL.I-CUBE-wolfTPM.pdsc
2024-07-10 10:35:39,915 [INFO] ServerAccessManage:473 - Download File wolfSSL.I-CUBE-wolfSSH.pdsc
2024-07-10 10:35:41,627 [INFO] ServerAccessManage:473 - Download File RealThread.X-CUBE-RT-Thread_Nano.pdsc
2024-07-10 10:35:43,571 [INFO] ServerAccessManage:473 - Download File SEGGER.I-CUBE-embOS.pdsc
2024-07-10 10:35:48,101 [INFO] ServerAccessManage:473 - Download File portGmbH.I-Cube-SoM-uGOAL.pdsc
2024-07-10 10:35:52,316 [ERROR] ServerAccessManage:1089 - Problem, file not found on Server
2024-07-10 10:35:52,784 [ERROR] ServerAccessManage:1089 - Problem, file not found on Server
2024-07-10 10:35:53,137 [ERROR] ServerAccessManage:1089 - Problem, file not found on Server
2024-07-10 10:35:54,719 [INFO] ServerAccessManage:473 - Download File emotas.I-CUBE-CANOPEN.pdsc
2024-07-10 10:35:57,386 [INFO] ServerAccessManage:473 - Download File WES.I-CUBE-Cesium.pdsc
2024-07-10 10:35:58,206 [ERROR] ServerAccessManage:1089 - Problem, file not found on Server
2024-07-10 10:35:58,615 [ERROR] ServerAccessManage:1089 - Problem, file not found on Server
2024-07-10 10:35:59,644 [INFO] ServerAccessManage:473 - Download File ITTIA_DB.I-CUBE-ITTIADB.pdsc
2024-07-10 10:36:06,168 [INFO] ServerAccessManage:473 - Download File Infineon.AIROC-Wi-Fi-Bluetooth-STM32.pdsc
2024-07-10 10:36:11,761 [INFO] ServerAccessManage:473 - Download File Cesanta.I-CUBE-Mongoose.pdsc
2024-07-10 10:36:18,194 [INFO] ServerAccessManage:473 - Download File EmbeddedOffice.I-CUBE-FS-RTOS.pdsc
2024-07-10 10:36:19,094 [WARN] PackLoader:240 - Cannot read IP mode file for STMicroelectronics.FP-ATR-ASTRA1.2.0.0
2024-07-10 10:36:19,104 [WARN] CheckServerUpdateThread:151 - Open CheckUpdateFile Fail
2024-07-10 10:36:19,104 [WARN] PackLoader:240 - Cannot read IP mode file for STMicroelectronics.FP-ATR-SIGFOX1.3.2.0
2024-07-10 10:36:19,116 [WARN] PackLoader:240 - Cannot read IP mode file for STMicroelectronics.FP-SNS-FLIGHT1.5.0.2
2024-07-10 10:36:19,126 [WARN] PackLoader:240 - Cannot read IP mode file for STMicroelectronics.FP-SNS-MOTENV1.5.0.0
2024-07-10 10:36:19,138 [WARN] PackLoader:240 - Cannot read IP mode file for STMicroelectronics.FP-SNS-MOTENVWB1.1.4.0
2024-07-10 10:36:19,148 [WARN] PackLoader:240 - Cannot read IP mode file for STMicroelectronics.FP-SNS-SMARTAG2.1.2.0
2024-07-10 10:36:19,155 [WARN] PackLoader:240 - Cannot read IP mode file for STMicroelectronics.X-CUBE-AI.9.0.0
2024-07-10 10:36:19,164 [WARN] PackLoader:240 - Cannot read IP mode file for STMicroelectronics.X-CUBE-ALS.1.0.2
2024-07-10 10:36:19,174 [WARN] PackLoader:240 - Cannot read IP mode file for STMicroelectronics.X-CUBE-BLE1.7.0.0
2024-07-10 10:36:19,183 [WARN] PackLoader:240 - Cannot read IP mode file for STMicroelectronics.X-CUBE-BLE2.3.3.0
2024-07-10 10:36:19,202 [WARN] PackLoader:240 - Cannot read IP mode file for STMicroelectronics.X-CUBE-BLEMGR.3.1.0
2024-07-10 10:36:19,226 [WARN] PackLoader:240 - Cannot read IP mode file for STMicroelectronics.X-CUBE-DISPLAY.3.0.0
2024-07-10 10:36:19,245 [WARN] PackLoader:240 - Cannot read IP mode file for STMicroelectronics.X-CUBE-DPower.1.2.0
2024-07-10 10:36:19,254 [INFO] CheckServerUpdateThread:120 - End of CheckServer Thread
2024-07-10 10:36:19,256 [WARN] PackLoader:240 - Cannot read IP mode file for STMicroelectronics.X-CUBE-EEPRMA1.5.1.0
2024-07-10 10:36:19,268 [WARN] PackLoader:240 - Cannot read IP mode file for STMicroelectronics.X-CUBE-FREERTOS.1.2.0
2024-07-10 10:36:19,277 [WARN] PackLoader:240 - Cannot read IP mode file for STMicroelectronics.X-CUBE-GNSS1.6.0.0
2024-07-10 10:36:19,286 [WARN] PackLoader:240 - Cannot read IP mode file for STMicroelectronics.X-CUBE-ISPU.2.0.0
2024-07-10 10:36:19,354 [WARN] PackLoader:240 - Cannot read IP mode file for STMicroelectronics.X-CUBE-MEMS1.10.0.0
2024-07-10 10:36:19,571 [WARN] PackLoader:240 - Cannot read IP mode file for STMicroelectronics.X-CUBE-NFC4.3.0.0
2024-07-10 10:36:19,583 [WARN] PackLoader:240 - Cannot read IP mode file for STMicroelectronics.X-CUBE-NFC6.3.1.0
2024-07-10 10:36:19,593 [WARN] PackLoader:240 - Cannot read IP mode file for STMicroelectronics.X-CUBE-NFC7.1.0.1
2024-07-10 10:36:19,605 [WARN] PackLoader:240 - Cannot read IP mode file for STMicroelectronics.X-CUBE-SFXS2LP1.4.0.0
2024-07-10 10:36:19,616 [WARN] PackLoader:240 - Cannot read IP mode file for STMicroelectronics.X-CUBE-SAFEA1.1.2.2
2024-07-10 10:36:19,632 [WARN] PackLoader:240 - Cannot read IP mode file for STMicroelectronics.X-CUBE-SUBG2.5.0.0
2024-07-10 10:36:19,645 [WARN] PackLoader:240 - Cannot read IP mode file for STMicroelectronics.X-CUBE-SMBUS.2.1.0
2024-07-10 10:36:19,653 [WARN] PackLoader:240 - Cannot read IP mode file for STMicroelectronics.X-CUBE-TCPP.4.1.0
2024-07-10 10:36:19,671 [WARN] PackLoader:240 - Cannot read IP mode file for STMicroelectronics.X-CUBE-TOF1.3.4.1
2024-07-10 10:36:19,695 [WARN] PackLoader:240 - Cannot read IP mode file for STMicroelectronics.X-CUBE-TOUCHGFX.4.24.0
2024-07-10 10:36:19,707 [WARN] PackLoader:240 - Cannot read IP mode file for STMicroelectronics.X-CUBE-ALGOBUILD.1.4.0
2024-07-10 10:36:19,734 [WARN] PackLoader:240 - Cannot read IP mode file for STMicroelectronics.X-CUBE-AZRTOS-H7.3.2.0
2024-07-10 10:36:19,761 [WARN] PackLoader:240 - Cannot read IP mode file for STMicroelectronics.X-CUBE-AZRTOS-H7RS.1.0.0
2024-07-10 10:36:19,785 [WARN] PackLoader:240 - Cannot read IP mode file for STMicroelectronics.X-CUBE-AZRTOS-F4.1.1.0
2024-07-10 10:36:19,824 [WARN] PackLoader:240 - Cannot read IP mode file for STMicroelectronics.X-CUBE-AZRTOS-F7.1.1.0
2024-07-10 10:36:19,848 [WARN] ConditionMgr:438 - getConditionDescription Invalid condition id : LAN8742 Phy interface Condition cause : null
2024-07-10 10:36:19,848 [WARN] PackLoader:240 - Cannot read IP mode file for STMicroelectronics.X-CUBE-AZRTOS-L4.2.0.0
2024-07-10 10:36:19,851 [WARN] ConditionMgr:1039 - genDependencies : Invalid condition id : LAN8742 Phy interface Condition cause : null
2024-07-10 10:36:19,851 [WARN] ConditionMgr:1039 - genDependencies : Invalid condition id : LAN8742 Phy interface Condition cause : null
2024-07-10 10:36:19,852 [WARN] ConditionMgr:1039 - genDependencies : Invalid condition id : LAN8742 Phy interface Condition cause : null
2024-07-10 10:36:19,877 [WARN] PackLoader:240 - Cannot read IP mode file for STMicroelectronics.X-CUBE-AZRTOS-L5.2.0.0
2024-07-10 10:36:19,903 [WARN] PackLoader:240 - Cannot read IP mode file for STMicroelectronics.X-CUBE-AZRTOS-G0.1.1.0
2024-07-10 10:36:19,928 [WARN] PackLoader:240 - Cannot read IP mode file for STMicroelectronics.X-CUBE-AZRTOS-G4.2.0.0
2024-07-10 10:36:19,948 [WARN] ConditionMgr:438 - getConditionDescription Invalid condition id : UX DEVICE CLASS RTOS Condition cause : null
2024-07-10 10:36:19,949 [WARN] ConditionMgr:438 - getConditionDescription Invalid condition id : UX DEVICE CLASS RTOS Condition cause : null
2024-07-10 10:36:19,958 [WARN] PackLoader:240 - Cannot read IP mode file for STMicroelectronics.X-CUBE-AZRTOS-WB.2.0.0
2024-07-10 10:36:19,960 [WARN] ConditionMgr:1039 - genDependencies : Invalid condition id : UX DEVICE CLASS RTOS Condition cause : null
2024-07-10 10:36:19,960 [WARN] ConditionMgr:1039 - genDependencies : Invalid condition id : UX DEVICE CLASS RTOS Condition cause : null
2024-07-10 10:36:19,962 [WARN] ConditionMgr:1039 - genDependencies : Invalid condition id : UX DEVICE CLASS RTOS Condition cause : null
2024-07-10 10:36:19,962 [WARN] ConditionMgr:1039 - genDependencies : Invalid condition id : UX DEVICE CLASS RTOS Condition cause : null
2024-07-10 10:36:19,962 [WARN] ConditionMgr:1039 - genDependencies : Invalid condition id : UX DEVICE CLASS RTOS Condition cause : null
2024-07-10 10:36:19,979 [INFO] LogOutputStream:77 - [STDOUT_REDIRECT] 1 : Invalid condition id : UX_CORESTACK_Condition cause : null
2024-07-10 10:36:19,981 [INFO] LogOutputStream:77 - [STDOUT_REDIRECT] 1 : Invalid condition id : UX_CORESTACK_Condition cause : null
2024-07-10 10:36:19,984 [INFO] LogOutputStream:77 - [STDOUT_REDIRECT] 1 : Invalid condition id : UX_CORESTACK_Condition cause : null
2024-07-10 10:36:19,987 [INFO] LogOutputStream:77 - [STDOUT_REDIRECT] 1 : Invalid condition id : UX_CORESTACK_Condition cause : null
2024-07-10 10:36:19,988 [INFO] LogOutputStream:77 - [STDOUT_REDIRECT] 1 : Invalid condition id : UX_CORESTACK_Condition cause : null
2024-07-10 10:36:19,992 [WARN] PackLoader:240 - Cannot read IP mode file for STMicroelectronics.X-CUBE-AZRTOS-WL.2.0.0
2024-07-10 10:36:20,001 [WARN] PackLoader:240 - Cannot read IP mode file for wolfSSL.I-CUBE-wolfSSL.5.7.0
2024-07-10 10:36:20,007 [WARN] PackLoader:240 - Cannot read IP mode file for wolfSSL.I-CUBE-wolfMQTT.1.19.0
2024-07-10 10:36:20,014 [WARN] PackLoader:240 - Cannot read IP mode file for wolfSSL.I-CUBE-wolfTPM.3.2.0
2024-07-10 10:36:20,021 [WARN] PackLoader:240 - Cannot read IP mode file for wolfSSL.I-CUBE-wolfSSH.1.4.17
2024-07-10 10:36:20,029 [WARN] PackLoader:240 - Cannot read IP mode file for RealThread.X-CUBE-RT-Thread_Nano.4.1.1
2024-07-10 10:36:20,070 [WARN] PackLoader:240 - Cannot read IP mode file for SEGGER.I-CUBE-embOS.1.3.1
2024-07-10 10:36:20,116 [WARN] PackLoader:240 - Cannot read IP mode file for portGmbH.I-Cube-SoM-uGOAL.1.1.0
2024-07-10 10:36:20,123 [WARN] PackLoader:240 - Cannot read IP mode file for emotas.I-CUBE-CANOPEN.1.3.0
2024-07-10 10:36:20,130 [WARN] PackLoader:240 - Cannot read IP mode file for WES.I-CUBE-Cesium.1.3.0
2024-07-10 10:36:20,139 [WARN] PackLoader:240 - Cannot read IP mode file for ITTIA_DB.I-CUBE-ITTIADB.8.9.0
2024-07-10 10:36:20,153 [WARN] PackLoader:240 - Cannot read IP mode file for Infineon.AIROC-Wi-Fi-Bluetooth-STM32.1.6.0
2024-07-10 10:36:20,162 [WARN] PackLoader:240 - Cannot read IP mode file for Cesanta.I-CUBE-Mongoose.7.13.0
2024-07-10 10:36:20,172 [WARN] PackLoader:240 - Cannot read IP mode file for EmbeddedOffice.I-CUBE-FS-RTOS.1.0.1
2024-07-10 10:36:20,173 [ERROR] ConditionMgr:805 - Attr not supported : Dmpu
2024-07-10 10:36:20,173 [ERROR] ConditionMgr:805 - Attr not supported : Dmpu
2024-07-10 10:36:20,173 [ERROR] ConditionMgr:805 - Attr not supported : Dmpu
2024-07-10 10:36:20,173 [ERROR] ConditionMgr:805 - Attr not supported : Dmpu
2024-07-10 10:36:20,173 [ERROR] ConditionMgr:805 - Attr not supported : Dmpu
2024-07-10 10:36:20,173 [ERROR] ConditionMgr:805 - Attr not supported : Dmpu
2024-07-10 10:36:20,173 [ERROR] ConditionMgr:805 - Attr not supported : Dmpu
2024-07-10 10:36:20,173 [ERROR] ConditionMgr:805 - Attr not supported : Dmpu
2024-07-10 10:36:20,173 [ERROR] ConditionMgr:805 - Attr not supported : Dmpu
2024-07-10 10:36:20,173 [ERROR] ConditionMgr:805 - Attr not supported : Dmpu
2024-07-10 10:36:20,173 [ERROR] ConditionMgr:805 - Attr not supported : Dmpu
2024-07-10 10:36:20,173 [ERROR] ConditionMgr:805 - Attr not supported : Dmpu
2024-07-10 10:36:20,173 [ERROR] ConditionMgr:805 - Attr not supported : Dmpu
2024-07-10 10:36:20,174 [ERROR] ConditionMgr:805 - Attr not supported : Dmpu
2024-07-10 10:36:20,174 [ERROR] ConditionMgr:805 - Attr not supported : Dmpu
2024-07-10 10:36:20,174 [ERROR] ConditionMgr:805 - Attr not supported : Dmpu
2024-07-10 10:36:20,174 [ERROR] ConditionMgr:805 - Attr not supported : Dmpu
2024-07-10 10:36:20,174 [ERROR] ConditionMgr:805 - Attr not supported : Dmpu
2024-07-10 10:36:20,174 [ERROR] ConditionMgr:805 - Attr not supported : Dmpu
2024-07-10 10:36:20,174 [ERROR] ConditionMgr:805 - Attr not supported : Dmpu
2024-07-10 10:36:20,174 [ERROR] ConditionMgr:805 - Attr not supported : Dmpu
2024-07-10 10:36:20,174 [ERROR] ConditionMgr:805 - Attr not supported : Dmpu
2024-07-10 10:36:20,174 [ERROR] ConditionMgr:805 - Attr not supported : Dmpu
2024-07-10 10:36:20,174 [ERROR] ConditionMgr:805 - Attr not supported : Dmpu
2024-07-10 10:36:20,174 [ERROR] ConditionMgr:805 - Attr not supported : Dmpu
2024-07-10 10:36:20,174 [ERROR] ConditionMgr:805 - Attr not supported : Dmpu
2024-07-10 10:36:20,174 [ERROR] ConditionMgr:805 - Attr not supported : Dmpu
2024-07-10 10:36:20,174 [ERROR] ConditionMgr:805 - Attr not supported : Dmpu
2024-07-10 10:36:20,174 [ERROR] ConditionMgr:805 - Attr not supported : Dmpu
2024-07-10 10:36:20,174 [ERROR] ConditionMgr:805 - Attr not supported : Dmpu
2024-07-10 10:36:20,174 [ERROR] ConditionMgr:805 - Attr not supported : Dmpu
2024-07-10 10:36:20,175 [ERROR] ConditionMgr:805 - Attr not supported : Dmpu
2024-07-10 10:36:20,175 [ERROR] ConditionMgr:805 - Attr not supported : Dmpu
2024-07-10 10:36:20,175 [ERROR] ConditionMgr:805 - Attr not supported : Dmpu
2024-07-10 10:36:20,175 [ERROR] ConditionMgr:805 - Attr not supported : Dmpu
2024-07-10 10:36:20,175 [ERROR] ConditionMgr:805 - Attr not supported : Dmpu
2024-07-10 10:36:20,175 [ERROR] ConditionMgr:805 - Attr not supported : Dmpu
2024-07-10 10:36:20,175 [ERROR] ConditionMgr:805 - Attr not supported : Dmpu
2024-07-10 10:36:20,175 [ERROR] ConditionMgr:805 - Attr not supported : Dmpu
2024-07-10 10:36:20,175 [ERROR] ConditionMgr:805 - Attr not supported : Dmpu
2024-07-10 10:36:20,175 [ERROR] ConditionMgr:805 - Attr not supported : Dmpu
2024-07-10 10:36:20,175 [ERROR] ConditionMgr:805 - Attr not supported : Dmpu
2024-07-10 10:36:20,175 [ERROR] ConditionMgr:805 - Attr not supported : Dmpu
2024-07-10 10:36:20,175 [ERROR] ConditionMgr:805 - Attr not supported : Dmpu
2024-07-10 10:36:20,175 [ERROR] ConditionMgr:805 - Attr not supported : Dmpu
2024-07-10 10:36:20,175 [ERROR] ConditionMgr:805 - Attr not supported : Dmpu
2024-07-10 10:36:20,176 [ERROR] ConditionMgr:805 - Attr not supported : Dmpu
2024-07-10 10:36:20,176 [ERROR] ConditionMgr:805 - Attr not supported : Dmpu
2024-07-10 10:36:20,176 [ERROR] ConditionMgr:805 - Attr not supported : Dmpu
2024-07-10 10:36:20,176 [ERROR] ConditionMgr:805 - Attr not supported : Dmpu
2024-07-10 10:36:20,176 [ERROR] ConditionMgr:805 - Attr not supported : Dmpu
2024-07-10 10:36:20,176 [ERROR] ConditionMgr:805 - Attr not supported : Dmpu
2024-07-10 10:36:20,176 [ERROR] ConditionMgr:805 - Attr not supported : Dmpu
2024-07-10 10:36:20,176 [ERROR] ConditionMgr:805 - Attr not supported : Dmpu
2024-07-10 10:36:20,176 [ERROR] ConditionMgr:805 - Attr not supported : Dmpu
2024-07-10 10:36:20,176 [ERROR] ConditionMgr:805 - Attr not supported : Dmpu
2024-07-10 10:36:20,176 [ERROR] ConditionMgr:805 - Attr not supported : Dmpu
2024-07-10 10:36:20,176 [ERROR] ConditionMgr:805 - Attr not supported : Dmpu
2024-07-10 10:36:20,176 [ERROR] ConditionMgr:805 - Attr not supported : Dmpu
2024-07-10 10:36:20,176 [ERROR] ConditionMgr:805 - Attr not supported : Dmpu
2024-07-10 10:36:20,176 [ERROR] ConditionMgr:805 - Attr not supported : Dmpu
2024-07-10 10:36:20,177 [ERROR] ConditionMgr:805 - Attr not supported : Dmpu
2024-07-10 10:36:20,177 [ERROR] ConditionMgr:805 - Attr not supported : Dmpu
2024-07-10 10:36:20,177 [ERROR] ConditionMgr:805 - Attr not supported : Dmpu
2024-07-10 10:36:20,177 [INFO] PopulateThirdPartyThread:66 - Ending populate Thread
2024-07-10 10:36:20,180 [INFO] ThirdParty:1030 - CMSIS Pack Vendor :STMicroelectronics X-CUBE-GNSS1 6.0.0
2024-07-10 10:36:20,180 [INFO] ThirdParty:1030 - CMSIS Pack Vendor :STMicroelectronics FP-SNS-MOTENVWB1 1.4.0
2024-07-10 10:36:20,180 [INFO] ThirdParty:1030 - CMSIS Pack Vendor :STMicroelectronics X-CUBE-AZRTOS-F4 1.1.0
2024-07-10 10:36:20,181 [INFO] ThirdParty:1030 - CMSIS Pack Vendor :STMicroelectronics X-CUBE-SMBUS 2.1.0
2024-07-10 10:36:20,181 [INFO] ThirdParty:1030 - CMSIS Pack Vendor :STMicroelectronics X-CUBE-TCPP 4.1.0
2024-07-10 10:36:20,181 [INFO] ThirdParty:1030 - CMSIS Pack Vendor :STMicroelectronics X-CUBE-FREERTOS 1.2.0
2024-07-10 10:36:20,181 [INFO] ThirdParty:1030 - CMSIS Pack Vendor :STMicroelectronics X-CUBE-AZRTOS-WB 2.0.0
2024-07-10 10:36:20,181 [INFO] ThirdParty:1030 - CMSIS Pack Vendor :STMicroelectronics X-CUBE-AZRTOS-F7 1.1.0
2024-07-10 10:36:20,181 [INFO] ThirdParty:1030 - CMSIS Pack Vendor :STMicroelectronics X-CUBE-AZRTOS-L5 2.0.0
2024-07-10 10:36:20,181 [INFO] ThirdParty:1030 - CMSIS Pack Vendor :STMicroelectronics X-CUBE-NFC6 3.1.0
2024-07-10 10:36:20,181 [INFO] ThirdParty:1030 - CMSIS Pack Vendor :STMicroelectronics X-CUBE-AZRTOS-G0 1.1.0
2024-07-10 10:36:20,181 [INFO] ThirdParty:1030 - CMSIS Pack Vendor :STMicroelectronics X-CUBE-DPower 1.2.0
2024-07-10 10:36:20,181 [INFO] ThirdParty:1030 - CMSIS Pack Vendor :STMicroelectronics X-CUBE-NFC4 3.0.0
2024-07-10 10:36:20,181 [INFO] ThirdParty:1030 - CMSIS Pack Vendor :STMicroelectronics X-CUBE-SAFEA1 1.2.2
2024-07-10 10:36:20,181 [INFO] ThirdParty:1030 - CMSIS Pack Vendor :STMicroelectronics X-CUBE-SUBG2 5.0.0
2024-07-10 10:36:20,181 [INFO] ThirdParty:1030 - CMSIS Pack Vendor :EmbeddedOffice I-CUBE-FS-RTOS 1.0.1
2024-07-10 10:36:20,181 [INFO] ThirdParty:1030 - CMSIS Pack Vendor :STMicroelectronics FP-SNS-FLIGHT1 5.0.2
2024-07-10 10:36:20,182 [INFO] ThirdParty:1030 - CMSIS Pack Vendor :Cesanta I-CUBE-Mongoose 7.13.0
2024-07-10 10:36:20,182 [INFO] ThirdParty:1030 - CMSIS Pack Vendor :STMicroelectronics X-CUBE-AI 9.0.0
2024-07-10 10:36:20,182 [INFO] ThirdParty:1030 - CMSIS Pack Vendor :STMicroelectronics X-CUBE-AZRTOS-G4 2.0.0
2024-07-10 10:36:20,182 [INFO] ThirdParty:1030 - CMSIS Pack Vendor :STMicroelectronics X-CUBE-DISPLAY 3.0.0
2024-07-10 10:36:20,182 [INFO] ThirdParty:1030 - CMSIS Pack Vendor :RealThread X-CUBE-RT-Thread_Nano 4.1.1
2024-07-10 10:36:20,182 [INFO] ThirdParty:1030 - CMSIS Pack Vendor :wolfSSL I-CUBE-wolfSSL 5.7.0
2024-07-10 10:36:20,182 [INFO] ThirdParty:1030 - CMSIS Pack Vendor :STMicroelectronics FP-ATR-SIGFOX1 3.2.0
2024-07-10 10:36:20,182 [INFO] ThirdParty:1030 - CMSIS Pack Vendor :STMicroelectronics X-CUBE-BLE1 7.0.0
2024-07-10 10:36:20,182 [INFO] ThirdParty:1030 - CMSIS Pack Vendor :STMicroelectronics X-CUBE-ISPU 2.0.0
2024-07-10 10:36:20,182 [INFO] ThirdParty:1030 - CMSIS Pack Vendor :STMicroelectronics X-CUBE-EEPRMA1 5.1.0
2024-07-10 10:36:20,182 [INFO] ThirdParty:1030 - CMSIS Pack Vendor :STMicroelectronics X-CUBE-ALS 1.0.2
2024-07-10 10:36:20,182 [INFO] ThirdParty:1030 - CMSIS Pack Vendor :emotas I-CUBE-CANOPEN 1.3.0
2024-07-10 10:36:20,183 [INFO] ThirdParty:1030 - CMSIS Pack Vendor :STMicroelectronics X-CUBE-MEMS1 10.0.0
2024-07-10 10:36:20,183 [INFO] ThirdParty:1030 - CMSIS Pack Vendor :STMicroelectronics X-CUBE-NFC7 1.0.1
2024-07-10 10:36:20,183 [INFO] ThirdParty:1030 - CMSIS Pack Vendor :STMicroelectronics X-CUBE-TOUCHGFX 4.24.0
2024-07-10 10:36:20,183 [INFO] ThirdParty:1030 - CMSIS Pack Vendor :ITTIA_DB I-CUBE-ITTIADB 8.9.0
2024-07-10 10:36:20,183 [INFO] ThirdParty:1030 - CMSIS Pack Vendor :wolfSSL I-CUBE-wolfTPM 3.2.0
2024-07-10 10:36:20,183 [INFO] ThirdParty:1030 - CMSIS Pack Vendor :portGmbH I-Cube-SoM-uGOAL 1.1.0
2024-07-10 10:36:20,183 [INFO] ThirdParty:1030 - CMSIS Pack Vendor :STMicroelectronics X-CUBE-BLEMGR 3.1.0
2024-07-10 10:36:20,183 [INFO] ThirdParty:1030 - CMSIS Pack Vendor :STMicroelectronics FP-SNS-SMARTAG2 1.2.0
2024-07-10 10:36:20,183 [INFO] ThirdParty:1030 - CMSIS Pack Vendor :STMicroelectronics X-CUBE-AZRTOS-WL 2.0.0
2024-07-10 10:36:20,183 [INFO] ThirdParty:1030 - CMSIS Pack Vendor :SEGGER I-CUBE-embOS 1.3.1
2024-07-10 10:36:20,184 [INFO] ThirdParty:1030 - CMSIS Pack Vendor :STMicroelectronics X-CUBE-ALGOBUILD 1.4.0
2024-07-10 10:36:20,184 [INFO] ThirdParty:1030 - CMSIS Pack Vendor :STMicroelectronics FP-SNS-MOTENV1 5.0.0
2024-07-10 10:36:20,184 [INFO] ThirdParty:1030 - CMSIS Pack Vendor :STMicroelectronics X-CUBE-AZRTOS-H7RS 1.0.0
2024-07-10 10:36:20,184 [INFO] ThirdParty:1030 - CMSIS Pack Vendor :wolfSSL I-CUBE-wolfMQTT 1.19.0
2024-07-10 10:36:20,184 [INFO] ThirdParty:1030 - CMSIS Pack Vendor :STMicroelectronics X-CUBE-AZRTOS-L4 2.0.0
2024-07-10 10:36:20,184 [INFO] ThirdParty:1030 - CMSIS Pack Vendor :STMicroelectronics FP-ATR-ASTRA1 2.0.0
2024-07-10 10:36:20,185 [INFO] ThirdParty:1030 - CMSIS Pack Vendor :WES I-CUBE-Cesium 1.3.0
2024-07-10 10:36:20,185 [INFO] ThirdParty:1030 - CMSIS Pack Vendor :STMicroelectronics X-CUBE-SFXS2LP1 4.0.0
2024-07-10 10:36:20,185 [INFO] ThirdParty:1030 - CMSIS Pack Vendor :STMicroelectronics X-CUBE-BLE2 3.3.0
2024-07-10 10:36:20,185 [INFO] ThirdParty:1030 - CMSIS Pack Vendor :STMicroelectronics X-CUBE-TOF1 3.4.1
2024-07-10 10:36:20,185 [INFO] ThirdParty:1030 - CMSIS Pack Vendor :STMicroelectronics X-CUBE-AZRTOS-H7 3.2.0
2024-07-10 10:36:20,185 [INFO] ThirdParty:1030 - CMSIS Pack Vendor :Infineon AIROC-Wi-Fi-Bluetooth-STM32 1.6.0
2024-07-10 10:36:20,185 [INFO] ThirdParty:1030 - CMSIS Pack Vendor :wolfSSL I-CUBE-wolfSSH 1.4.17
2024-07-10 10:36:20,186 [INFO] LoadServerUpdatesThread:375 - End of LoadServerUpdate Thread
